<?xml version="1.0" encoding="UTF-8"?>
<coverage generated="1726757956427" clover="3.2.0">
  <project timestamp="1726757956427" name="All files">
    <metrics statements="8" coveredstatements="8" conditionals="4" coveredconditionals="1" methods="1" coveredmethods="1" elements="13" coveredelements="10" complexity="0" loc="8" ncloc="8" packages="1" files="1" classes="1"/>
    <file name="cron-utils.ts" path="/home/gamemaster/workspaces/grandmasterdev/mynudgely/src/utils/cron-utils.ts">
      <metrics statements="8" coveredstatements="8" conditionals="4" coveredconditionals="1" methods="1" coveredmethods="1"/>
      <line num="3" count="1" type="stmt"/>
      <line num="4" count="1" type="stmt"/>
      <line num="6" count="1" type="cond" truecount="1" falsecount="0"/>
      <line num="7" count="1" type="stmt"/>
      <line num="9" count="1" type="cond" truecount="0" falsecount="1"/>
      <line num="12" count="1" type="cond" truecount="0" falsecount="1"/>
      <line num="15" count="1" type="cond" truecount="0" falsecount="1"/>
      <line num="19" count="1" type="stmt"/>
    </file>
  </project>
</coverage>
